Using pre-set license

 COMMAND LINE ARGUMENTS:
/Applications/Unity/Hub/Editor/2020.3.7f1/Unity.app/Contents/MacOS/Unity
-adb2
-batchMode
-noUpm
-name
AssetImportWorker0
-projectPath
/Users/sim-woojeong/Sparta_Game
-logFile
Logs/AssetImportWorker0.log
-srvPort
54263
Successfully changed project path to: /Users/sim-woojeong/Sparta_Game
/Users/sim-woojeong/Sparta_Game
Using Asset Import Pipeline V2.
Refreshing native plugins compatible for Editor in 35.01 ms, found 2 plugins.
Preloading 0 native plugins for Editor in 0.00 ms.
Initialize engine version: 2020.3.7f1 (dd97f2c94397)
[Subsystems] Discovering subsystems at path /Applications/Unity/Hub/Editor/2020.3.7f1/Unity.app/Contents/Resources/UnitySubsystems
[Subsystems] Discovering subsystems at path /Users/sim-woojeong/Sparta_Game/Assets
GfxDevice: creating device client; threaded=0
2021-10-02 11:11:01.999 Unity[3709:162611] Color LCD preferred device: AMD Radeon Pro 5300M (high power)
2021-10-02 11:11:01.999 Unity[3709:162611] Metal devices available: 2
2021-10-02 11:11:01.999 Unity[3709:162611] 0: AMD Radeon Pro 5300M (high power)
2021-10-02 11:11:01.999 Unity[3709:162611] 1: Intel(R) UHD Graphics 630 (low power)
2021-10-02 11:11:02.000 Unity[3709:162611] Using device AMD Radeon Pro 5300M (high power)
Initializing Metal device caps: AMD Radeon Pro 5300M
Initialize mono
Mono path[0] = '/Applications/Unity/Hub/Editor/2020.3.7f1/Unity.app/Contents/Managed'
Mono path[1] = '/Applications/Unity/Hub/Editor/2020.3.7f1/Unity.app/Contents/MonoBleedingEdge/lib/mono/unityjit'
Mono config path = '/Applications/Unity/Hub/Editor/2020.3.7f1/Unity.app/Contents/MonoBleedingEdge/etc'
Using monoOptions --debugger-agent=transport=dt_socket,embedding=1,server=y,suspend=n,address=127.0.0.1:56709
Begin MonoManager ReloadAssembly
Registering precompiled unity dll's ...
Register platform support module: /Applications/Unity/Hub/Editor/2020.3.7f1/Unity.app/Contents/PlaybackEngines/MacStandaloneSupport/UnityEditor.OSXStandalone.Extensions.dll
Register platform support module: /Applications/Unity/Hub/Editor/2020.3.7f1/PlaybackEngines/WindowsStandaloneSupport/UnityEditor.WindowsStandalone.Extensions.dll
Registered in 0.003014 seconds.
Native extension for WindowsStandalone target not found
Native extension for OSXStandalone target not found
Refreshing native plugins compatible for Editor in 38.82 ms, found 2 plugins.
Preloading 0 native plugins for Editor in 0.00 ms.
Mono: successfully reloaded assembly
- Completed reload, in  3.846 seconds
Platform modules already initialized, skipping
Registering precompiled user dll's ...
Registered in 0.001424 seconds.
Begin MonoManager ReloadAssembly
Native extension for WindowsStandalone target not found
Native extension for OSXStandalone target not found
Refreshing native plugins compatible for Editor in 38.36 ms, found 2 plugins.
Preloading 0 native plugins for Editor in 0.00 ms.
Mono: successfully reloaded assembly
- Completed reload, in  1.184 seconds
Platform modules already initialized, skipping
========================================================================
Worker process is ready to serve import requests
Launching external process: /Applications/Unity/Hub/Editor/2020.3.7f1/Unity.app/Contents/Tools/UnityShaderCompiler
Launched and connected shader compiler UnityShaderCompiler after 0.02 seconds
Refreshing native plugins compatible for Editor in 0.36 ms, found 2 plugins.
Preloading 0 native plugins for Editor in 0.00 ms.
Unloading 1808 Unused Serialized files (Serialized files now loaded: 0)
System memory in use before: 151.5 MB.
System memory in use after: 151.5 MB.

Unloading 24 unused Assets to reduce memory usage. Loaded Objects now: 2250.
Total: 3.513833 ms (FindLiveObjects: 0.389555 ms CreateObjectMapping: 0.177811 ms MarkObjects: 2.741826 ms  DeleteObjects: 0.203092 ms)

========================================================================
Received Import Request.
  path: Assets
  artifactKey: Guid(00000000000000001000000000000000) Importer(815301076,1909f56bfc062723c751e8b465ee728b)
Start importing Assets using Guid(00000000000000001000000000000000) Importer(815301076,1909f56bfc062723c751e8b465ee728b)  -> (artifact id: '5f6a1853b736837ecfb0820a881449cb') in 0.004619 seconds
  Import took 0.008481 seconds .

========================================================================
Received Import Request.
  Time since last request: 324.085971 seconds.
  path: Assets/Prefab/Character/rtan_playable.prefab
  artifactKey: Guid(c9e38815c553faa4496273f8bad11787) Importer(815301076,1909f56bfc062723c751e8b465ee728b)
Start importing Assets/Prefab/Character/rtan_playable.prefab using Guid(c9e38815c553faa4496273f8bad11787) Importer(815301076,1909f56bfc062723c751e8b465ee728b)  -> (artifact id: '5c1ae0049ad024e6f09f283ab62fb449') in 0.507342 seconds
  Import took 0.511208 seconds .

========================================================================
Received Prepare
Registering precompiled user dll's ...
Registered in 0.000985 seconds.
Begin MonoManager ReloadAssembly
Native extension for WindowsStandalone target not found
Native extension for OSXStandalone target not found
Refreshing native plugins compatible for Editor in 0.32 ms, found 2 plugins.
Preloading 0 native plugins for Editor in 0.00 ms.
Mono: successfully reloaded assembly
- Completed reload, in  1.086 seconds
Platform modules already initialized, skipping
Refreshing native plugins compatible for Editor in 0.35 ms, found 2 plugins.
Preloading 0 native plugins for Editor in 0.00 ms.
Unloading 1804 Unused Serialized files (Serialized files now loaded: 0)
System memory in use before: 159.5 MB.
System memory in use after: 159.5 MB.

Unloading 12 unused Assets to reduce memory usage. Loaded Objects now: 2262.
Total: 1.772145 ms (FindLiveObjects: 0.212826 ms CreateObjectMapping: 0.084364 ms MarkObjects: 1.389687 ms  DeleteObjects: 0.084475 ms)

========================================================================
Received Import Request.
  Time since last request: 35.007821 seconds.
  path: Assets/Prefab/Character/rtan_playable.prefab
  artifactKey: Guid(c9e38815c553faa4496273f8bad11787) Importer(815301076,1909f56bfc062723c751e8b465ee728b)
Start importing Assets/Prefab/Character/rtan_playable.prefab using Guid(c9e38815c553faa4496273f8bad11787) Importer(815301076,1909f56bfc062723c751e8b465ee728b)  -> (artifact id: '3f537c1ae01456a92b817ef27590af62') in 0.060822 seconds
  Import took 0.064578 seconds .

========================================================================
Received Import Request.
  Time since last request: 1221.658153 seconds.
  path: Assets/Prefab/Character/rtan_playable.prefab
  artifactKey: Guid(c9e38815c553faa4496273f8bad11787) Importer(815301076,1909f56bfc062723c751e8b465ee728b)
Start importing Assets/Prefab/Character/rtan_playable.prefab using Guid(c9e38815c553faa4496273f8bad11787) Importer(815301076,1909f56bfc062723c751e8b465ee728b)  -> (artifact id: 'db83196b4ec36475cf76e306065eb541') in 0.017727 seconds
  Import took 0.022610 seconds .

========================================================================
Received Prepare
Registering precompiled user dll's ...
Registered in 0.000938 seconds.
Begin MonoManager ReloadAssembly
Native extension for WindowsStandalone target not found
Native extension for OSXStandalone target not found
Refreshing native plugins compatible for Editor in 0.32 ms, found 2 plugins.
Preloading 0 native plugins for Editor in 0.00 ms.
Mono: successfully reloaded assembly
- Completed reload, in  1.053 seconds
Platform modules already initialized, skipping
Refreshing native plugins compatible for Editor in 0.32 ms, found 2 plugins.
Preloading 0 native plugins for Editor in 0.00 ms.
Unloading 1804 Unused Serialized files (Serialized files now loaded: 0)
System memory in use before: 159.9 MB.
System memory in use after: 159.8 MB.

Unloading 12 unused Assets to reduce memory usage. Loaded Objects now: 2267.
Total: 2.945867 ms (FindLiveObjects: 0.240846 ms CreateObjectMapping: 0.105882 ms MarkObjects: 2.491101 ms  DeleteObjects: 0.106389 ms)

========================================================================
Received Import Request.
  Time since last request: 32.486644 seconds.
  path: Assets/Prefab/Character/rtan_run.anim
  artifactKey: Guid(5bb79462f4a71bd48946583f9956350e) Importer(815301076,1909f56bfc062723c751e8b465ee728b)
Start importing Assets/Prefab/Character/rtan_run.anim using Guid(5bb79462f4a71bd48946583f9956350e) Importer(815301076,1909f56bfc062723c751e8b465ee728b)  -> (artifact id: 'ac9e9948c3eac973fa50aade2afac121') in 0.392333 seconds
  Import took 0.396009 seconds .

========================================================================
Received Import Request.
  Time since last request: 47.284327 seconds.
  path: Assets/Rtan.cs
  artifactKey: Guid(b56e2077b76674b53bfd86a51ddb18cf) Importer(815301076,1909f56bfc062723c751e8b465ee728b)
Start importing Assets/Rtan.cs using Guid(b56e2077b76674b53bfd86a51ddb18cf) Importer(815301076,1909f56bfc062723c751e8b465ee728b)  -> (artifact id: 'faa0d3851055367311c36e3ce42cd4a7') in 1.982006 seconds
  Import took 1.985724 seconds .

========================================================================
Received Import Request.
  Time since last request: 0.000208 seconds.
  path: Assets/Prefab/Ground/ground.png
  artifactKey: Guid(1f3870431e44125459de63b7b21b2cff) Importer(815301076,1909f56bfc062723c751e8b465ee728b)
Start importing Assets/Prefab/Ground/ground.png using Guid(1f3870431e44125459de63b7b21b2cff) Importer(815301076,1909f56bfc062723c751e8b465ee728b)  -> (artifact id: '051f419cd313dc38c0f7fff6162402c0') in 0.464344 seconds
  Import took 0.467690 seconds .

========================================================================
Received Import Request.
  Time since last request: 0.225525 seconds.
  path: Assets/Prefab/Ground/ground.prefab
  artifactKey: Guid(af464b7890405c64bb44f0215974fac3) Importer(815301076,1909f56bfc062723c751e8b465ee728b)
Start importing Assets/Prefab/Ground/ground.prefab using Guid(af464b7890405c64bb44f0215974fac3) Importer(815301076,1909f56bfc062723c751e8b465ee728b)  -> (artifact id: '911ef82dc4c84999a62017785dd83cbb') in 0.039243 seconds
  Import took 0.043448 seconds .

========================================================================
Received Import Request.
  Time since last request: 0.007221 seconds.
  path: Assets/Prefab/Ground/ground.prefab
  artifactKey: Guid(af464b7890405c64bb44f0215974fac3) Importer(815301076,1909f56bfc062723c751e8b465ee728b)
Start importing Assets/Prefab/Ground/ground.prefab using Guid(af464b7890405c64bb44f0215974fac3) Importer(815301076,1909f56bfc062723c751e8b465ee728b)  -> (artifact id: '911ef82dc4c84999a62017785dd83cbb') in 0.016412 seconds
  Import took 0.019818 seconds .

========================================================================
Received Prepare
Registering precompiled user dll's ...
Registered in 0.000663 seconds.
Begin MonoManager ReloadAssembly
Native extension for WindowsStandalone target not found
Native extension for OSXStandalone target not found
Refreshing native plugins compatible for Editor in 0.31 ms, found 2 plugins.
Preloading 0 native plugins for Editor in 0.00 ms.
Mono: successfully reloaded assembly
- Completed reload, in  1.102 seconds
Platform modules already initialized, skipping
Refreshing native plugins compatible for Editor in 0.33 ms, found 2 plugins.
Preloading 0 native plugins for Editor in 0.00 ms.
Unloading 1804 Unused Serialized files (Serialized files now loaded: 0)
System memory in use before: 172.9 MB.
System memory in use after: 172.9 MB.

Unloading 12 unused Assets to reduce memory usage. Loaded Objects now: 2275.
Total: 2.229536 ms (FindLiveObjects: 0.249705 ms CreateObjectMapping: 0.077408 ms MarkObjects: 1.782693 ms  DeleteObjects: 0.109794 ms)

========================================================================
Received Prepare
Registering precompiled user dll's ...
Registered in 0.000570 seconds.
Begin MonoManager ReloadAssembly
Native extension for WindowsStandalone target not found
Native extension for OSXStandalone target not found
Refreshing native plugins compatible for Editor in 0.31 ms, found 2 plugins.
Preloading 0 native plugins for Editor in 0.00 ms.
Mono: successfully reloaded assembly
- Completed reload, in  1.075 seconds
Platform modules already initialized, skipping
Refreshing native plugins compatible for Editor in 0.35 ms, found 2 plugins.
Preloading 0 native plugins for Editor in 0.00 ms.
Unloading 1804 Unused Serialized files (Serialized files now loaded: 0)
System memory in use before: 173.1 MB.
System memory in use after: 173.1 MB.

Unloading 12 unused Assets to reduce memory usage. Loaded Objects now: 2279.
Total: 2.537966 ms (FindLiveObjects: 0.198690 ms CreateObjectMapping: 0.083715 ms MarkObjects: 2.135581 ms  DeleteObjects: 0.118721 ms)

========================================================================
Received Import Request.
  Time since last request: 158.179547 seconds.
  path: Assets/Prefab/Character/rtan_playable.prefab
  artifactKey: Guid(c9e38815c553faa4496273f8bad11787) Importer(815301076,1909f56bfc062723c751e8b465ee728b)
Start importing Assets/Prefab/Character/rtan_playable.prefab using Guid(c9e38815c553faa4496273f8bad11787) Importer(815301076,1909f56bfc062723c751e8b465ee728b)  -> (artifact id: '225b7d6d61b24de85d84951d2748c5ad') in 0.065957 seconds
  Import took 0.070113 seconds .

========================================================================
Received Prepare
Registering precompiled user dll's ...
Registered in 0.000632 seconds.
Begin MonoManager ReloadAssembly
Native extension for WindowsStandalone target not found
Native extension for OSXStandalone target not found
Refreshing native plugins compatible for Editor in 0.59 ms, found 2 plugins.
Preloading 0 native plugins for Editor in 0.00 ms.
Mono: successfully reloaded assembly
- Completed reload, in  1.100 seconds
Platform modules already initialized, skipping
Refreshing native plugins compatible for Editor in 0.33 ms, found 2 plugins.
Preloading 0 native plugins for Editor in 0.00 ms.
Unloading 1804 Unused Serialized files (Serialized files now loaded: 0)
System memory in use before: 173.4 MB.
System memory in use after: 173.4 MB.

Unloading 12 unused Assets to reduce memory usage. Loaded Objects now: 2284.
Total: 1.979564 ms (FindLiveObjects: 0.179703 ms CreateObjectMapping: 0.081724 ms MarkObjects: 1.614169 ms  DeleteObjects: 0.103159 ms)

========================================================================
Received Import Request.
  Time since last request: 67.835449 seconds.
  path: Assets/Prefab/Character/rtan_playable.prefab
  artifactKey: Guid(c9e38815c553faa4496273f8bad11787) Importer(815301076,1909f56bfc062723c751e8b465ee728b)
Start importing Assets/Prefab/Character/rtan_playable.prefab using Guid(c9e38815c553faa4496273f8bad11787) Importer(815301076,1909f56bfc062723c751e8b465ee728b)  -> (artifact id: '1f07520623b7fe17c48418c68a4728c7') in 0.082235 seconds
  Import took 0.086455 seconds .

========================================================================
Received Prepare
Registering precompiled user dll's ...
Registered in 0.000511 seconds.
Begin MonoManager ReloadAssembly
Native extension for WindowsStandalone target not found
Native extension for OSXStandalone target not found
Refreshing native plugins compatible for Editor in 0.40 ms, found 2 plugins.
Preloading 0 native plugins for Editor in 0.00 ms.
Mono: successfully reloaded assembly
- Completed reload, in  1.122 seconds
Platform modules already initialized, skipping
Refreshing native plugins compatible for Editor in 0.30 ms, found 2 plugins.
Preloading 0 native plugins for Editor in 0.00 ms.
Unloading 1804 Unused Serialized files (Serialized files now loaded: 0)
System memory in use before: 173.6 MB.
System memory in use after: 173.6 MB.

Unloading 12 unused Assets to reduce memory usage. Loaded Objects now: 2289.
Total: 2.174164 ms (FindLiveObjects: 0.200571 ms CreateObjectMapping: 0.066716 ms MarkObjects: 1.797170 ms  DeleteObjects: 0.108826 ms)

========================================================================
Received Prepare
Registering precompiled user dll's ...
Registered in 0.000543 seconds.
Begin MonoManager ReloadAssembly
Native extension for WindowsStandalone target not found
Native extension for OSXStandalone target not found
Refreshing native plugins compatible for Editor in 0.32 ms, found 2 plugins.
Preloading 0 native plugins for Editor in 0.00 ms.
Mono: successfully reloaded assembly
- Completed reload, in  0.988 seconds
Platform modules already initialized, skipping
Refreshing native plugins compatible for Editor in 0.37 ms, found 2 plugins.
Preloading 0 native plugins for Editor in 0.00 ms.
Unloading 1805 Unused Serialized files (Serialized files now loaded: 0)
System memory in use before: 173.8 MB.
System memory in use after: 173.8 MB.

Unloading 12 unused Assets to reduce memory usage. Loaded Objects now: 2294.
Total: 2.021805 ms (FindLiveObjects: 0.210698 ms CreateObjectMapping: 0.074903 ms MarkObjects: 1.628668 ms  DeleteObjects: 0.106476 ms)

========================================================================
Received Import Request.
  Time since last request: 624.902215 seconds.
  path: Assets/Prefab/Character/rtan_playable.prefab
  artifactKey: Guid(c9e38815c553faa4496273f8bad11787) Importer(815301076,1909f56bfc062723c751e8b465ee728b)
Start importing Assets/Prefab/Character/rtan_playable.prefab using Guid(c9e38815c553faa4496273f8bad11787) Importer(815301076,1909f56bfc062723c751e8b465ee728b)  -> (artifact id: 'f92a16f54c5aa509857d261257455f0b') in 0.066629 seconds
  Import took 0.070330 seconds .

========================================================================
Received Prepare
Registering precompiled user dll's ...
Registered in 0.000583 seconds.
Begin MonoManager ReloadAssembly
Native extension for WindowsStandalone target not found
Native extension for OSXStandalone target not found
Refreshing native plugins compatible for Editor in 0.37 ms, found 2 plugins.
Preloading 0 native plugins for Editor in 0.00 ms.
Mono: successfully reloaded assembly
- Completed reload, in  1.035 seconds
Platform modules already initialized, skipping
Refreshing native plugins compatible for Editor in 0.33 ms, found 2 plugins.
Preloading 0 native plugins for Editor in 0.00 ms.
Unloading 1805 Unused Serialized files (Serialized files now loaded: 0)
System memory in use before: 174.1 MB.
System memory in use after: 174.0 MB.

Unloading 12 unused Assets to reduce memory usage. Loaded Objects now: 2299.
Total: 2.252717 ms (FindLiveObjects: 0.260294 ms CreateObjectMapping: 0.111248 ms MarkObjects: 1.766334 ms  DeleteObjects: 0.112461 ms)

========================================================================
Received Import Request.
  Time since last request: 74.305535 seconds.
  path: Assets/Prefab/Character/rtan_playable.prefab
  artifactKey: Guid(c9e38815c553faa4496273f8bad11787) Importer(815301076,1909f56bfc062723c751e8b465ee728b)
Start importing Assets/Prefab/Character/rtan_playable.prefab using Guid(c9e38815c553faa4496273f8bad11787) Importer(815301076,1909f56bfc062723c751e8b465ee728b)  -> (artifact id: '254bb0041fb68a0d42bafb6dc1dfaca6') in 0.066541 seconds
  Import took 0.069670 seconds .

========================================================================
Received Import Request.
  Time since last request: 14.732529 seconds.
  path: Assets/Prefab/Character/rtan_playable.prefab
  artifactKey: Guid(c9e38815c553faa4496273f8bad11787) Importer(815301076,1909f56bfc062723c751e8b465ee728b)
Start importing Assets/Prefab/Character/rtan_playable.prefab using Guid(c9e38815c553faa4496273f8bad11787) Importer(815301076,1909f56bfc062723c751e8b465ee728b)  -> (artifact id: 'b7791bc40ca478582af6d7ad9d2acff9') in 0.013402 seconds
  Import took 0.017316 seconds .

========================================================================
Received Import Request.
  Time since last request: 2.223842 seconds.
  path: Assets/Prefab/Character/rtan_playable.prefab
  artifactKey: Guid(c9e38815c553faa4496273f8bad11787) Importer(815301076,1909f56bfc062723c751e8b465ee728b)
Start importing Assets/Prefab/Character/rtan_playable.prefab using Guid(c9e38815c553faa4496273f8bad11787) Importer(815301076,1909f56bfc062723c751e8b465ee728b)  -> (artifact id: '71f940123a04e3b67271a8995f4584c4') in 0.012919 seconds
  Import took 0.016794 seconds .

========================================================================
Received Import Request.
  Time since last request: 1.810670 seconds.
  path: Assets/Prefab/Character/rtan_playable.prefab
  artifactKey: Guid(c9e38815c553faa4496273f8bad11787) Importer(815301076,1909f56bfc062723c751e8b465ee728b)
Start importing Assets/Prefab/Character/rtan_playable.prefab using Guid(c9e38815c553faa4496273f8bad11787) Importer(815301076,1909f56bfc062723c751e8b465ee728b)  -> (artifact id: 'bed0cf71375da9fa0845c8f8888ee62d') in 0.012399 seconds
  Import took 0.015810 seconds .

========================================================================
Received Prepare
Registering precompiled user dll's ...
Registered in 0.000501 seconds.
Begin MonoManager ReloadAssembly
Native extension for WindowsStandalone target not found
Native extension for OSXStandalone target not found
Refreshing native plugins compatible for Editor in 0.44 ms, found 2 plugins.
Preloading 0 native plugins for Editor in 0.00 ms.
Mono: successfully reloaded assembly
- Completed reload, in  1.063 seconds
Platform modules already initialized, skipping
Refreshing native plugins compatible for Editor in 0.30 ms, found 2 plugins.
Preloading 0 native plugins for Editor in 0.00 ms.
Unloading 1805 Unused Serialized files (Serialized files now loaded: 0)
System memory in use before: 174.4 MB.
System memory in use after: 174.4 MB.

Unloading 12 unused Assets to reduce memory usage. Loaded Objects now: 2304.
Total: 2.057462 ms (FindLiveObjects: 0.194534 ms CreateObjectMapping: 0.086756 ms MarkObjects: 1.672131 ms  DeleteObjects: 0.103210 ms)

========================================================================
Received Prepare
Registering precompiled user dll's ...
Registered in 0.000794 seconds.
Begin MonoManager ReloadAssembly
Native extension for WindowsStandalone target not found
Native extension for OSXStandalone target not found
Refreshing native plugins compatible for Editor in 0.36 ms, found 2 plugins.
Preloading 0 native plugins for Editor in 0.00 ms.
Mono: successfully reloaded assembly
- Completed reload, in  1.080 seconds
Platform modules already initialized, skipping
Refreshing native plugins compatible for Editor in 0.33 ms, found 2 plugins.
Preloading 0 native plugins for Editor in 0.00 ms.
Unloading 1805 Unused Serialized files (Serialized files now loaded: 0)
System memory in use before: 174.5 MB.
System memory in use after: 174.5 MB.

Unloading 12 unused Assets to reduce memory usage. Loaded Objects now: 2308.
Total: 2.401361 ms (FindLiveObjects: 0.226389 ms CreateObjectMapping: 0.096439 ms MarkObjects: 1.953228 ms  DeleteObjects: 0.124093 ms)

========================================================================
Received Prepare
Registering precompiled user dll's ...
Registered in 0.000612 seconds.
Begin MonoManager ReloadAssembly
Native extension for WindowsStandalone target not found
Native extension for OSXStandalone target not found
Refreshing native plugins compatible for Editor in 0.36 ms, found 2 plugins.
Preloading 0 native plugins for Editor in 0.00 ms.
Mono: successfully reloaded assembly
- Completed reload, in  1.096 seconds
Platform modules already initialized, skipping
Refreshing native plugins compatible for Editor in 0.31 ms, found 2 plugins.
Preloading 0 native plugins for Editor in 0.00 ms.
Unloading 1805 Unused Serialized files (Serialized files now loaded: 0)
System memory in use before: 174.7 MB.
System memory in use after: 174.7 MB.

Unloading 12 unused Assets to reduce memory usage. Loaded Objects now: 2312.
Total: 2.132206 ms (FindLiveObjects: 0.182261 ms CreateObjectMapping: 0.062520 ms MarkObjects: 1.774882 ms  DeleteObjects: 0.111352 ms)

========================================================================
Received Prepare
Registering precompiled user dll's ...
Registered in 0.000605 seconds.
Begin MonoManager ReloadAssembly
Native extension for WindowsStandalone target not found
Native extension for OSXStandalone target not found
Refreshing native plugins compatible for Editor in 0.36 ms, found 2 plugins.
Preloading 0 native plugins for Editor in 0.00 ms.
Mono: successfully reloaded assembly
- Completed reload, in  1.103 seconds
Platform modules already initialized, skipping
Refreshing native plugins compatible for Editor in 0.36 ms, found 2 plugins.
Preloading 0 native plugins for Editor in 0.00 ms.
Unloading 1805 Unused Serialized files (Serialized files now loaded: 0)
System memory in use before: 174.9 MB.
System memory in use after: 174.9 MB.

Unloading 12 unused Assets to reduce memory usage. Loaded Objects now: 2316.
Total: 2.488807 ms (FindLiveObjects: 0.219092 ms CreateObjectMapping: 0.094234 ms MarkObjects: 2.044855 ms  DeleteObjects: 0.128312 ms)

========================================================================
Received Prepare
Registering precompiled user dll's ...
Registered in 0.000814 seconds.
Begin MonoManager ReloadAssembly
Native extension for WindowsStandalone target not found
Native extension for OSXStandalone target not found
Refreshing native plugins compatible for Editor in 0.36 ms, found 2 plugins.
Preloading 0 native plugins for Editor in 0.00 ms.
Mono: successfully reloaded assembly
- Completed reload, in  1.123 seconds
Platform modules already initialized, skipping
Refreshing native plugins compatible for Editor in 0.40 ms, found 2 plugins.
Preloading 0 native plugins for Editor in 0.00 ms.
Unloading 1805 Unused Serialized files (Serialized files now loaded: 0)
System memory in use before: 175.1 MB.
System memory in use after: 175.1 MB.

Unloading 12 unused Assets to reduce memory usage. Loaded Objects now: 2320.
Total: 1.827762 ms (FindLiveObjects: 0.180464 ms CreateObjectMapping: 0.064519 ms MarkObjects: 1.461609 ms  DeleteObjects: 0.120225 ms)

========================================================================
Received Import Request.
  Time since last request: 21019.026813 seconds.
  path: Assets/Scenes
  artifactKey: Guid(aee195d113c704ce28c187c8744b8f68) Importer(815301076,1909f56bfc062723c751e8b465ee728b)
Start importing Assets/Scenes using Guid(aee195d113c704ce28c187c8744b8f68) Importer(815301076,1909f56bfc062723c751e8b465ee728b)  -> (artifact id: '178a7eba693c1d0c2b568b6ca71b616a') in 0.069490 seconds
  Import took 0.184325 seconds .

========================================================================
Received Import Request.
  Time since last request: 0.272585 seconds.
  path: Assets/Scenes/SampleScene.unity
  artifactKey: Guid(2cda990e2423bbf4892e6590ba056729) Importer(815301076,1909f56bfc062723c751e8b465ee728b)
Start importing Assets/Scenes/SampleScene.unity using Guid(2cda990e2423bbf4892e6590ba056729) Importer(815301076,1909f56bfc062723c751e8b465ee728b)  -> (artifact id: 'da707ec23426a19719875613ae6023d2') in 0.047625 seconds
  Import took 0.051301 seconds .

